<?xml version="1.0" encoding="UTF-8"?>
<!-- Generated by org.testng.reporters.JUnitXMLReporter -->
<testsuite ignored="2" hostname="DESKTOP-EEP83V8" failures="0" tests="4" name="Default test" time="3.987" errors="0" timestamp="2025-05-09T18:19:19 EET">
  <testcase classname="MyTest" name="login" time="0.257"/>
  <testcase classname="MyTest" name="AddAllItems" time="0.297"/>
  <testcase classname="MyTest" name="RemoveAllItems" time="2.226"/>
  <testcase classname="MyTest" name="Task" time="0.038"/>
  <testcase classname="MyTest" name="removeItemFromTheCart" time="0.0">
    <ignored/>
  </testcase> <!-- removeItemFromTheCart -->
  <testcase classname="MyTest" name="Logout" time="0.0">
    <ignored/>
  </testcase> <!-- Logout -->
</testsuite> <!-- Default test -->
