<?xml version="1.0" encoding="UTF-8"?>
<testng-results ignored="2" total="6" passed="4" failed="0" skipped="0">
  <reporter-output>
  </reporter-output>
  <suite started-at="2025-05-09T18:19:15 EET" name="Default suite" finished-at="2025-05-09T18:19:19 EET" duration-ms="3987">
    <groups>
    </groups>
    <test started-at="2025-05-09T18:19:15 EET" name="Default test" finished-at="2025-05-09T18:19:19 EET" duration-ms="3987">
      <class name="MyTest">
        <test-method is-config="true" signature="mySetup()[pri:0, instance:MyTest@26bab2f1]" started-at="2025-05-09T18:19:15 EET" name="mySetup" finished-at="2025-05-09T18:19:17 EET" duration-ms="1124" status="PASS">
          <reporter-output>
          </reporter-output>
        </test-method> <!-- mySetup -->
        <test-method signature="login()[pri:1, instance:MyTest@26bab2f1]" started-at="2025-05-09T18:19:17 EET" name="login" finished-at="2025-05-09T18:19:17 EET" duration-ms="257" status="PASS">
          <reporter-output>
          </reporter-output>
        </test-method> <!-- login -->
        <test-method signature="AddAllItems()[pri:2, instance:MyTest@26bab2f1]" started-at="2025-05-09T18:19:17 EET" name="AddAllItems" finished-at="2025-05-09T18:19:17 EET" duration-ms="297" status="PASS">
          <reporter-output>
          </reporter-output>
        </test-method> <!-- AddAllItems -->
        <test-method signature="RemoveAllItems()[pri:3, instance:MyTest@26bab2f1]" started-at="2025-05-09T18:19:17 EET" name="RemoveAllItems" finished-at="2025-05-09T18:19:19 EET" duration-ms="2226" status="PASS">
          <reporter-output>
          </reporter-output>
        </test-method> <!-- RemoveAllItems -->
        <test-method signature="Task()[pri:4, instance:MyTest@26bab2f1]" started-at="2025-05-09T18:19:19 EET" name="Task" finished-at="2025-05-09T18:19:19 EET" duration-ms="38" status="PASS">
          <reporter-output>
          </reporter-output>
        </test-method> <!-- Task -->
      </class> <!-- MyTest -->
    </test> <!-- Default test -->
  </suite> <!-- Default suite -->
</testng-results>
